<?xml version="1.0" encoding="UTF-8" ?>
<testsuite errors="1" skipped="1" tests="8" time="0.032" failures="1" name="org.sonar.core.ExtensionsFinderTest">
  <properties>
    <!-- list of properties... -->
  </properties>
  <testcase classname="org.sonar.core.ExtensionsFinderTest" time="0.005" name="shouldFindJdbcDrivers">
    <failure type="java.lang.AssertionError" message="expected:&lt;2&gt; but was:&lt;1&gt;">java.lang.AssertionError:
      expected:&lt;2&gt; but was:&lt;1&gt;
      at org.junit.Assert.fail(Assert.java:74)
      at org.junit.Assert.failNotEquals(Assert.java:448)
      at org.junit.Assert.assertEquals(Assert.java:102)
      at org.junit.Assert.assertEquals(Assert.java:323)
      at org.junit.Assert.assertEquals(Assert.java:319)
      at org.sonar.core.ExtensionsFinderTest.shouldFindJdbcDrivers(ExtensionsFinderTest.java:45)
      at sun.reflect.NativeMethodAccessorImpl.invoke0(Native Method)
      at sun.reflect.NativeMethodAccessorImpl.invoke(NativeMethodAccessorImpl.java:39)
      at sun.reflect.DelegatingMethodAccessorImpl.invoke(DelegatingMethodAccessorImpl.java:25)
      at java.lang.reflect.Method.invoke(Method.java:585)
      at org.junit.internal.runners.TestMethod.invoke(TestMethod.java:59)
      at org.junit.internal.runners.MethodRoadie.runTestMethod(MethodRoadie.java:98)
      at org.junit.internal.runners.MethodRoadie$2.run(MethodRoadie.java:79)
      at org.junit.internal.runners.MethodRoadie.runBeforesThenTestThenAfters(MethodRoadie.java:87)
      at org.junit.internal.runners.MethodRoadie.runTest(MethodRoadie.java:77)
      at org.junit.internal.runners.MethodRoadie.run(MethodRoadie.java:42)
      at org.junit.internal.runners.JUnit4ClassRunner.invokeTestMethod(JUnit4ClassRunner.java:88)
      at org.junit.internal.runners.JUnit4ClassRunner.runMethods(JUnit4ClassRunner.java:51)
      at org.junit.internal.runners.JUnit4ClassRunner$1.run(JUnit4ClassRunner.java:44)
      at org.junit.internal.runners.ClassRoadie.runUnprotected(ClassRoadie.java:27)
      at org.junit.internal.runners.ClassRoadie.runProtected(ClassRoadie.java:37)
      at org.junit.internal.runners.JUnit4ClassRunner.run(JUnit4ClassRunner.java:42)
      at org.apache.maven.surefire.junit4.JUnit4TestSet.execute(JUnit4TestSet.java:62)
      at org.apache.maven.surefire.suite.AbstractDirectoryTestSuite.executeTestSet(AbstractDirectoryTestSuite.java:140)
      at org.apache.maven.surefire.suite.AbstractDirectoryTestSuite.execute(AbstractDirectoryTestSuite.java:127)
      at org.apache.maven.surefire.Surefire.run(Surefire.java:177)
      at sun.reflect.NativeMethodAccessorImpl.invoke0(Native Method)
      at sun.reflect.NativeMethodAccessorImpl.invoke(NativeMethodAccessorImpl.java:39)
      at sun.reflect.DelegatingMethodAccessorImpl.invoke(DelegatingMethodAccessorImpl.java:25)
      at java.lang.reflect.Method.invoke(Method.java:585)
      at org.apache.maven.surefire.booter.SurefireBooter.runSuitesInProcess(SurefireBooter.java:338)
      at org.apache.maven.surefire.booter.SurefireBooter.main(SurefireBooter.java:997)
    </failure>
  </testcase>
  <testcase classname="org.sonar.core.ExtensionsFinderTest" time="0.002" name="shouldFailIfNoJdbcDrivers"/>
  <testcase classname="org.sonar.core.ExtensionsFinderTest" time="0" name="shouldFindPlugins">
    <error type="java.lang.RuntimeException" message="TEST">java.lang.RuntimeException: TEST
      at org.sonar.core.ExtensionsFinderTest.shouldFindPlugins(ExtensionsFinderTest.java:57)
      at sun.reflect.NativeMethodAccessorImpl.invoke0(Native Method)
      at sun.reflect.NativeMethodAccessorImpl.invoke(NativeMethodAccessorImpl.java:39)
      at sun.reflect.DelegatingMethodAccessorImpl.invoke(DelegatingMethodAccessorImpl.java:25)
      at java.lang.reflect.Method.invoke(Method.java:585)
      at org.junit.internal.runners.TestMethod.invoke(TestMethod.java:59)
      at org.junit.internal.runners.MethodRoadie.runTestMethod(MethodRoadie.java:98)
      at org.junit.internal.runners.MethodRoadie$2.run(MethodRoadie.java:79)
      at org.junit.internal.runners.MethodRoadie.runBeforesThenTestThenAfters(MethodRoadie.java:87)
      at org.junit.internal.runners.MethodRoadie.runTest(MethodRoadie.java:77)
      at org.junit.internal.runners.MethodRoadie.run(MethodRoadie.java:42)
      at org.junit.internal.runners.JUnit4ClassRunner.invokeTestMethod(JUnit4ClassRunner.java:88)
      at org.junit.internal.runners.JUnit4ClassRunner.runMethods(JUnit4ClassRunner.java:51)
      at org.junit.internal.runners.JUnit4ClassRunner$1.run(JUnit4ClassRunner.java:44)
      at org.junit.internal.runners.ClassRoadie.runUnprotected(ClassRoadie.java:27)
      at org.junit.internal.runners.ClassRoadie.runProtected(ClassRoadie.java:37)
      at org.junit.internal.runners.JUnit4ClassRunner.run(JUnit4ClassRunner.java:42)
      at org.apache.maven.surefire.junit4.JUnit4TestSet.execute(JUnit4TestSet.java:62)
      at org.apache.maven.surefire.suite.AbstractDirectoryTestSuite.executeTestSet(AbstractDirectoryTestSuite.java:140)
      at org.apache.maven.surefire.suite.AbstractDirectoryTestSuite.execute(AbstractDirectoryTestSuite.java:127)
      at org.apache.maven.surefire.Surefire.run(Surefire.java:177)
      at sun.reflect.NativeMethodAccessorImpl.invoke0(Native Method)
      at sun.reflect.NativeMethodAccessorImpl.invoke(NativeMethodAccessorImpl.java:39)
      at sun.reflect.DelegatingMethodAccessorImpl.invoke(DelegatingMethodAccessorImpl.java:25)
      at java.lang.reflect.Method.invoke(Method.java:585)
      at org.apache.maven.surefire.booter.SurefireBooter.runSuitesInProcess(SurefireBooter.java:338)
      at org.apache.maven.surefire.booter.SurefireBooter.main(SurefireBooter.java:997)
    </error>
  </testcase>
  <testcase classname="org.sonar.core.ExtensionsFinderTest" time="0" name="shouldNotFailIfNoPlugins"/>
  <testcase classname="org.sonar.core.ExtensionsFinderTest" time="0.001" name="shouldFindCheckstyleExtensions"/>
  <testcase classname="org.sonar.core.ExtensionsFinderTest" time="0.001" name="shouldNotFailIfNoCheckstyleExtensions"/>
  <testcase classname="org.sonar.core.ExtensionsFinderTest" time="0.016"
            name="shouldFindCheckstyleExtensionsFromOverridenPath"/>
  <testcase classname="org.sonar.core.ExtensionsFinderTest" time="0.001"
            name="shouldFailIfOverridenRulesExtensionsPathDoesNotExist">
    <skipped/>
  </testcase>
</testsuite>